0 verbose cli C:\nvm4w\nodejs\node.exe C:\nvm4w\nodejs\node_modules\npm\bin\npm-cli.js
1 info using npm@11.6.2
2 info using node@v24.12.0
3 silly config load:file:C:\Users\DREP\AppData\Local\nvm\v24.12.0\node_modules\npm\npmrc
4 silly config load:file:C:\Users\DREP\Downloads\Infinity Force 3-06\frontend\.npmrc
5 silly config load:file:C:\Users\DREP\.npmrc
6 silly config load:file:C:\Users\DREP\AppData\Roaming\npm\etc\npmrc
7 verbose title npm install chart.js
8 verbose argv "install" "chart.js"
9 verbose logfile logs-max:10 dir:C:\Users\DREP\Downloads\Infinity Force 3-06\frontend\Users\Drep\AppData\Roaming\npm-cache\_logs\2026-07-16T15_03_03_453Z-
10 verbose logfile C:\Users\DREP\Downloads\Infinity Force 3-06\frontend\Users\Drep\AppData\Roaming\npm-cache\_logs\2026-07-16T15_03_03_453Z-debug-0.log
11 silly logfile done cleaning log files
12 silly packumentCache heap:2348810240 maxSize:587202560 maxEntrySize:293601280
13 silly idealTree buildDeps
14 silly fetch manifest chart.js@*
15 silly packumentCache full:https://registry.npmjs.org/chart.js cache-miss
16 verbose shrinkwrap failed to load node_modules/.package-lock.json out of date, updated: node_modules
17 http fetch GET 200 https://registry.npmjs.org/npm 1119ms
18 http fetch GET 200 https://registry.npmjs.org/chart.js 2462ms (cache miss)
19 silly packumentCache full:https://registry.npmjs.org/chart.js set size:undefined disposed:false
20 silly placeDep ROOT chart.js@4.5.1 OK for: infinity-force@0.0.0 want: *
21 silly fetch manifest @kurkle/color@^0.3.0
22 silly packumentCache full:https://registry.npmjs.org/@kurkle%2fcolor cache-miss
23 http fetch GET 200 https://registry.npmjs.org/@kurkle%2fcolor 492ms (cache miss)
24 silly packumentCache full:https://registry.npmjs.org/@kurkle%2fcolor set size:undefined disposed:false
25 silly placeDep ROOT @kurkle/color@0.3.4 OK for: chart.js@4.5.1 want: ^0.3.0
26 silly reify moves {}
27 silly audit bulk request {
27 silly audit   '@acemir/cssom': [ '0.9.31' ],
27 silly audit   '@algolia/abtesting': [ '1.14.1' ],
27 silly audit   '@algolia/client-abtesting': [ '5.48.1' ],
27 silly audit   '@algolia/client-analytics': [ '5.48.1' ],
27 silly audit   '@algolia/client-common': [ '5.48.1' ],
27 silly audit   '@algolia/client-insights': [ '5.48.1' ],
27 silly audit   '@algolia/client-personalization': [ '5.48.1' ],
27 silly audit   '@algolia/client-query-suggestions': [ '5.48.1' ],
27 silly audit   '@algolia/client-search': [ '5.48.1' ],
27 silly audit   '@algolia/ingestion': [ '1.48.1' ],
27 silly audit   '@algolia/monitoring': [ '1.48.1' ],
27 silly audit   '@algolia/recommend': [ '5.48.1' ],
27 silly audit   '@algolia/requester-browser-xhr': [ '5.48.1' ],
27 silly audit   '@algolia/requester-fetch': [ '5.48.1' ],
27 silly audit   '@algolia/requester-node-http': [ '5.48.1' ],
27 silly audit   '@ampproject/remapping': [ '2.3.0' ],
27 silly audit   '@angular-devkit/architect': [ '0.2102.13' ],
27 silly audit   '@angular-devkit/core': [ '21.2.13' ],
27 silly audit   '@angular-devkit/schematics': [ '21.2.13' ],
27 silly audit   '@angular/build': [ '21.2.13' ],
27 silly audit   '@angular/cli': [ '21.2.13' ],
27 silly audit   '@angular/common': [ '21.2.15' ],
27 silly audit   '@angular/compiler': [ '21.2.15' ],
27 silly audit   '@angular/compiler-cli': [ '21.2.15' ],
27 silly audit   '@angular/core': [ '21.2.15' ],
27 silly audit   '@angular/forms': [ '21.2.15' ],
27 silly audit   '@angular/platform-browser': [ '21.2.15' ],
27 silly audit   '@angular/router': [ '21.2.15' ],
27 silly audit   '@asamuzakjp/css-color': [ '5.1.11' ],
27 silly audit   '@asamuzakjp/dom-selector': [ '6.8.1' ],
27 silly audit   'lru-cache': [ '11.5.1', '5.1.1' ],
27 silly audit   '@asamuzakjp/generational-cache': [ '1.0.1' ],
27 silly audit   '@asamuzakjp/nwsapi': [ '2.3.9' ],
27 silly audit   '@babel/code-frame': [ '7.29.7' ],
27 silly audit   '@babel/compat-data': [ '7.29.7' ],
27 silly audit   '@babel/core': [ '7.29.0' ],
27 silly audit   'convert-source-map': [ '2.0.0', '1.9.0' ],
27 silly audit   semver: [ '6.3.1', '7.7.4' ],
27 silly audit   '@babel/generator': [ '7.29.7' ],
27 silly audit   '@babel/helper-annotate-as-pure': [ '7.27.3' ],
27 silly audit   '@babel/helper-compilation-targets': [ '7.29.7' ],
27 silly audit   '@babel/helper-globals': [ '7.29.7' ],
27 silly audit   '@babel/helper-module-imports': [ '7.29.7' ],
27 silly audit   '@babel/helper-module-transforms': [ '7.29.7' ],
27 silly audit   '@babel/helper-split-export-declaration': [ '7.24.7' ],
27 silly audit   '@babel/helper-string-parser': [ '7.29.7' ],
27 silly audit   '@babel/helper-validator-identifier': [ '7.29.7' ],
27 silly audit   '@babel/helper-validator-option': [ '7.29.7' ],
27 silly audit   '@babel/helpers': [ '7.29.7' ],
27 silly audit   '@babel/parser': [ '7.29.7' ],
27 silly audit   '@babel/template': [ '7.29.7' ],
27 silly audit   '@babel/traverse': [ '7.29.7' ],
27 silly audit   '@babel/types': [ '7.29.7' ],
27 silly audit   '@bramus/specificity': [ '2.4.2' ],
27 silly audit   '@csstools/color-helpers': [ '6.0.2' ],
27 silly audit   '@csstools/css-calc': [ '3.2.1' ],
27 silly audit   '@csstools/css-color-parser': [ '4.1.1' ],
27 silly audit   '@csstools/css-parser-algorithms': [ '4.0.0' ],
27 silly audit   '@csstools/css-syntax-patches-for-csstree': [ '1.1.4' ],
27 silly audit   '@csstools/css-tokenizer': [ '4.0.0' ],
27 silly audit   '@emnapi/wasi-threads': [ '1.2.1' ],
27 silly audit   '@esbuild/aix-ppc64': [ '0.27.3' ],
27 silly audit   '@esbuild/android-arm': [ '0.27.3' ],
27 silly audit   '@esbuild/android-arm64': [ '0.27.3' ],
27 silly audit   '@esbuild/android-x64': [ '0.27.3' ],
27 silly audit   '@esbuild/darwin-arm64': [ '0.27.3' ],
27 silly audit   '@esbuild/darwin-x64': [ '0.27.3' ],
27 silly audit   '@esbuild/freebsd-arm64': [ '0.27.3' ],
27 silly audit   '@esbuild/freebsd-x64': [ '0.27.3' ],
27 silly audit   '@esbuild/linux-arm': [ '0.27.3' ],
27 silly audit   '@esbuild/linux-arm64': [ '0.27.3' ],
27 silly audit   '@esbuild/linux-ia32': [ '0.27.3' ],
27 silly audit   '@esbuild/linux-loong64': [ '0.27.3' ],
27 silly audit   '@esbuild/linux-mips64el': [ '0.27.3' ],
27 silly audit   '@esbuild/linux-ppc64': [ '0.27.3' ],
27 silly audit   '@esbuild/linux-riscv64': [ '0.27.3' ],
27 silly audit   '@esbuild/linux-s390x': [ '0.27.3' ],
27 silly audit   '@esbuild/linux-x64': [ '0.27.3' ],
27 silly audit   '@esbuild/netbsd-arm64': [ '0.27.3' ],
27 silly audit   '@esbuild/netbsd-x64': [ '0.27.3' ],
27 silly audit   '@esbuild/openbsd-arm64': [ '0.27.3' ],
27 silly audit   '@esbuild/openbsd-x64': [ '0.27.3' ],
27 silly audit   '@esbuild/openharmony-arm64': [ '0.27.3' ],
27 silly audit   '@esbuild/sunos-x64': [ '0.27.3' ],
27 silly audit   '@esbuild/win32-arm64': [ '0.27.3' ],
27 silly audit   '@esbuild/win32-ia32': [ '0.27.3' ],
27 silly audit   '@esbuild/win32-x64': [ '0.27.3' ],
27 silly audit   '@exodus/bytes': [ '1.15.1' ],
27 silly audit   '@gar/promise-retry': [ '1.0.3' ],
27 silly audit   '@harperfast/extended-iterable': [ '1.0.3' ],
27 silly audit   '@hono/node-server': [ '1.19.14' ],
27 silly audit   '@inquirer/ansi': [ '1.0.2' ],
27 silly audit   '@inquirer/checkbox': [ '4.3.2' ],
27 silly audit   '@inquirer/confirm': [ '5.1.21' ],
27 silly audit   '@inquirer/core': [ '10.3.2' ],
27 silly audit   '@inquirer/editor': [ '4.2.23' ],
27 silly audit   '@inquirer/expand': [ '4.0.23' ],
27 silly audit   '@inquirer/external-editor': [ '1.0.3' ],
27 silly audit   '@inquirer/figures': [ '1.0.15' ],
27 silly audit   '@inquirer/input': [ '4.3.1' ],
27 silly audit   '@inquirer/number': [ '3.0.23' ],
27 silly audit   '@inquirer/password': [ '4.0.23' ],
27 silly audit   '@inquirer/prompts': [ '7.10.1' ],
27 silly audit   '@inquirer/rawlist': [ '4.1.11' ],
27 silly audit   '@inquirer/search': [ '3.2.2' ],
27 silly audit   '@inquirer/select': [ '4.4.2' ],
27 silly audit   '@inquirer/type': [ '3.0.10' ],
27 silly audit   '@isaacs/fs-minipass': [ '4.0.1' ],
27 silly audit   '@istanbuljs/schema': [ '0.1.6' ],
27 silly audit   '@jridgewell/gen-mapping': [ '0.3.13' ],
27 silly audit   '@jridgewell/remapping': [ '2.3.5' ],
27 silly audit   '@jridgewell/resolve-uri': [ '3.1.2' ],
27 silly audit   '@jridgewell/sourcemap-codec': [ '1.5.5' ],
27 silly audit   '@jridgewell/trace-mapping': [ '0.3.31' ],
27 silly audit   '@listr2/prompt-adapter-inquirer': [ '3.0.5' ],
27 silly audit   '@lmdb/lmdb-darwin-arm64': [ '3.5.1' ],
27 silly audit   '@lmdb/lmdb-darwin-x64': [ '3.5.1' ],
27 silly audit   '@lmdb/lmdb-linux-arm': [ '3.5.1' ],
27 silly audit   '@lmdb/lmdb-linux-arm64': [ '3.5.1' ],
27 silly audit   '@lmdb/lmdb-linux-x64': [ '3.5.1' ],
27 silly audit   '@lmdb/lmdb-win32-arm64': [ '3.5.1' ],
27 silly audit   '@lmdb/lmdb-win32-x64': [ '3.5.1' ],
27 silly audit   '@modelcontextprotocol/sdk': [ '1.26.0' ],
27 silly audit   '@msgpackr-extract/msgpackr-extract-darwin-arm64': [ '3.0.4' ],
27 silly audit   '@msgpackr-extract/msgpackr-extract-darwin-x64': [ '3.0.4' ],
27 silly audit   '@msgpackr-extract/msgpackr-extract-linux-arm': [ '3.0.4' ],
27 silly audit   '@msgpackr-extract/msgpackr-extract-linux-arm64': [ '3.0.4' ],
27 silly audit   '@msgpackr-extract/msgpackr-extract-linux-x64': [ '3.0.4' ],
27 silly audit   '@msgpackr-extract/msgpackr-extract-win32-x64': [ '3.0.4' ],
27 silly audit   '@napi-rs/nice': [ '1.1.1' ],
27 silly audit   '@napi-rs/nice-android-arm-eabi': [ '1.1.1' ],
27 silly audit   '@napi-rs/nice-android-arm64': [ '1.1.1' ],
27 silly audit   '@napi-rs/nice-darwin-arm64': [ '1.1.1' ],
27 silly audit   '@napi-rs/nice-darwin-x64': [ '1.1.1' ],
27 silly audit   '@napi-rs/nice-freebsd-x64': [ '1.1.1' ],
27 silly audit   '@napi-rs/nice-linux-arm-gnueabihf': [ '1.1.1' ],
27 silly audit   '@napi-rs/nice-linux-arm64-gnu': [ '1.1.1' ],
27 silly audit   '@napi-rs/nice-linux-arm64-musl': [ '1.1.1' ],
27 silly audit   '@napi-rs/nice-linux-ppc64-gnu': [ '1.1.1' ],
27 silly audit   '@napi-rs/nice-linux-riscv64-gnu': [ '1.1.1' ],
27 silly audit   '@napi-rs/nice-linux-s390x-gnu': [ '1.1.1' ],
27 silly audit   '@napi-rs/nice-linux-x64-gnu': [ '1.1.1' ],
27 silly audit   '@napi-rs/nice-linux-x64-musl': [ '1.1.1' ],
27 silly audit   '@napi-rs/nice-openharmony-arm64': [ '1.1.1' ],
27 silly audit   '@napi-rs/nice-win32-arm64-msvc': [ '1.1.1' ],
27 silly audit   '@napi-rs/nice-win32-ia32-msvc': [ '1.1.1' ],
27 silly audit   '@napi-rs/nice-win32-x64-msvc': [ '1.1.1' ],
27 silly audit   '@napi-rs/wasm-runtime': [ '1.1.4' ],
27 silly audit   '@npmcli/agent': [ '4.0.2' ],
27 silly audit   '@npmcli/fs': [ '5.0.0' ],
27 silly audit   '@npmcli/git': [ '7.0.2' ],
27 silly audit   isexe: [ '4.0.0', '2.0.0' ],
27 silly audit   which: [ '6.0.1', '2.0.2' ],
27 silly audit   '@npmcli/installed-package-contents': [ '4.0.0' ],
27 silly audit   '@npmcli/node-gyp': [ '5.0.0' ],
27 silly audit   '@npmcli/package-json': [ '7.0.5' ],
27 silly audit   '@npmcli/promise-spawn': [ '9.0.1' ],
27 silly audit   '@npmcli/redact': [ '4.0.0' ],
27 silly audit   '@npmcli/run-script': [ '10.0.4' ],
27 silly audit   '@oxc-project/types': [ '0.113.0' ],
27 silly audit   '@parcel/watcher': [ '2.5.6' ],
27 silly audit   '@parcel/watcher-android-arm64': [ '2.5.6' ],
27 silly audit   '@parcel/watcher-darwin-arm64': [ '2.5.6' ],
27 silly audit   '@parcel/watcher-darwin-x64': [ '2.5.6' ],
27 silly audit   '@parcel/watcher-freebsd-x64': [ '2.5.6' ],
27 silly audit   '@parcel/watcher-linux-arm-glibc': [ '2.5.6' ],
27 silly audit   '@parcel/watcher-linux-arm-musl': [ '2.5.6' ],
27 silly audit   '@parcel/watcher-linux-arm64-glibc': [ '2.5.6' ],
27 silly audit   '@parcel/watcher-linux-arm64-musl': [ '2.5.6' ],
27 silly audit   '@parcel/watcher-linux-x64-glibc': [ '2.5.6' ],
27 silly audit   '@parcel/watcher-linux-x64-musl': [ '2.5.6' ],
27 silly audit   '@parcel/watcher-win32-arm64': [ '2.5.6' ],
27 silly audit   '@parcel/watcher-win32-ia32': [ '2.5.6' ],
27 silly audit   '@parcel/watcher-win32-x64': [ '2.5.6' ],
27 silly audit   'node-addon-api': [ '7.1.1', '6.1.0' ],
27 silly audit   '@rolldown/binding-android-arm64': [ '1.0.0-rc.4' ],
27 silly audit   '@rolldown/binding-darwin-arm64': [ '1.0.0-rc.4' ],
27 silly audit   '@rolldown/binding-darwin-x64': [ '1.0.0-rc.4' ],
27 silly audit   '@rolldown/binding-freebsd-x64': [ '1.0.0-rc.4' ],
27 silly audit   '@rolldown/binding-linux-arm-gnueabihf': [ '1.0.0-rc.4' ],
27 silly audit   '@rolldown/binding-linux-arm64-gnu': [ '1.0.0-rc.4' ],
27 silly audit   '@rolldown/binding-linux-arm64-musl': [ '1.0.0-rc.4' ],
27 silly audit   '@rolldown/binding-linux-x64-gnu': [ '1.0.0-rc.4' ],
27 silly audit   '@rolldown/binding-linux-x64-musl': [ '1.0.0-rc.4' ],
27 silly audit   '@rolldown/binding-openharmony-arm64': [ '1.0.0-rc.4' ],
27 silly audit   '@rolldown/binding-wasm32-wasi': [ '1.0.0-rc.4' ],
27 silly audit   '@rolldown/binding-win32-arm64-msvc': [ '1.0.0-rc.4' ],
27 silly audit   '@rolldown/binding-win32-x64-msvc': [ '1.0.0-rc.4' ],
27 silly audit   '@rolldown/pluginutils': [ '1.0.0-rc.4' ],
27 silly audit   '@rollup/rollup-android-arm-eabi': [ '4.60.4' ],
27 silly audit   '@rollup/rollup-android-arm64': [ '4.60.4' ],
27 silly audit   '@rollup/rollup-darwin-arm64': [ '4.60.4' ],
27 silly audit   '@rollup/rollup-darwin-x64': [ '4.60.4' ],
27 silly audit   '@rollup/rollup-freebsd-arm64': [ '4.60.4' ],
27 silly audit   '@rollup/rollup-freebsd-x64': [ '4.60.4' ],
27 silly audit   '@rollup/rollup-linux-arm-gnueabihf': [ '4.60.4' ],
27 silly audit   '@rollup/rollup-linux-arm-musleabihf': [ '4.60.4' ],
27 silly audit   '@rollup/rollup-linux-arm64-gnu': [ '4.60.4' ],
27 silly audit   '@rollup/rollup-linux-arm64-musl': [ '4.60.4' ],
27 silly audit   '@rollup/rollup-linux-loong64-gnu': [ '4.60.4' ],
27 silly audit   '@rollup/rollup-linux-loong64-musl': [ '4.60.4' ],
27 silly audit   '@rollup/rollup-linux-ppc64-gnu': [ '4.60.4' ],
27 silly audit   '@rollup/rollup-linux-ppc64-musl': [ '4.60.4' ],
27 silly audit   '@rollup/rollup-linux-riscv64-gnu': [ '4.60.4' ],
27 silly audit   '@rollup/rollup-linux-riscv64-musl': [ '4.60.4' ],
27 silly audit   '@rollup/rollup-linux-s390x-gnu': [ '4.60.4' ],
27 silly audit   '@rollup/rollup-linux-x64-gnu': [ '4.60.4' ],
27 silly audit   '@rollup/rollup-linux-x64-musl': [ '4.60.4' ],
27 silly audit   '@rollup/rollup-openbsd-x64': [ '4.60.4' ],
27 silly audit   '@rollup/rollup-openharmony-arm64': [ '4.60.4' ],
27 silly audit   '@rollup/rollup-win32-arm64-msvc': [ '4.60.4' ],
27 silly audit   '@rollup/rollup-win32-ia32-msvc': [ '4.60.4' ],
27 silly audit   '@rollup/rollup-win32-x64-gnu': [ '4.60.4' ],
27 silly audit   '@rollup/rollup-win32-x64-msvc': [ '4.60.4' ],
27 silly audit   '@schematics/angular': [ '21.2.13' ],
27 silly audit   '@sigstore/bundle': [ '4.0.0' ],
27 silly audit   '@sigstore/core': [ '3.2.1' ],
27 silly audit   '@sigstore/protobuf-specs': [ '0.5.1' ],
27 silly audit   '@sigstore/sign': [ '4.1.1' ],
27 silly audit   '@sigstore/tuf': [ '4.0.2' ],
27 silly audit   '@sigstore/verify': [ '3.1.1' ],
27 silly audit   '@standard-schema/spec': [ '1.1.0' ],
27 silly audit   '@tufjs/canonical-json': [ '2.0.0' ],
27 silly audit   '@tufjs/models': [ '4.1.0' ],
27 silly audit   '@tybys/wasm-util': [ '0.10.2' ],
27 silly audit   '@types/chai': [ '5.2.3' ],
27 silly audit   '@types/deep-eql': [ '4.0.2' ],
27 silly audit   '@types/estree': [ '1.0.8' ],
27 silly audit   '@vitejs/plugin-basic-ssl': [ '2.1.4' ],
27 silly audit   '@vitest/expect': [ '4.1.7' ],
27 silly audit   '@vitest/mocker': [ '4.1.7' ],
27 silly audit   '@vitest/pretty-format': [ '4.1.7' ],
27 silly audit   '@vitest/runner': [ '4.1.7' ],
27 silly audit   '@vitest/snapshot': [ '4.1.7' ],
27 silly audit   '@vitest/spy': [ '4.1.7' ],
27 silly audit   '@vitest/utils': [ '4.1.7' ],
27 silly audit   '@yarnpkg/lockfile': [ '1.1.0' ],
27 silly audit   abbrev: [ '4.0.0' ],
27 silly audit   accepts: [ '2.0.0' ],
27 silly audit   'agent-base': [ '7.1.4' ],
27 silly audit   ajv: [ '8.18.0' ],
27 silly audit   'ajv-formats': [ '3.0.1' ],
27 silly audit   algoliasearch: [ '5.48.1' ],
27 silly audit   'ansi-escapes': [ '7.3.0' ],
27 silly audit   'ansi-regex': [ '6.2.2', '5.0.1' ],
27 silly audit   'ansi-styles': [ '6.2.3', '4.3.0' ],
27 silly audit   'assertion-error': [ '2.0.1' ],
27 silly audit   'balanced-match': [ '4.0.4' ],
27 silly audit   'baseline-browser-mapping': [ '2.10.33' ],
27 silly audit   beasties: [ '0.4.1' ],
27 silly audit   'bidi-js': [ '1.0.3' ],
27 silly audit   'body-parser': [ '2.2.2' ],
27 silly audit   boolbase: [ '1.0.0' ],
27 silly audit   'brace-expansion': [ '5.0.6' ],
27 silly audit   browserslist: [ '4.28.2' ],
27 silly audit   'buffer-from': [ '1.1.2' ],
27 silly audit   bytes: [ '3.1.2' ],
27 silly audit   cacache: [ '20.0.4' ],
27 silly audit   'call-bind-apply-helpers': [ '1.0.2' ],
27 silly audit   'call-bound': [ '1.0.4' ],
27 silly audit   'caniuse-lite': [ '1.0.30001793' ],
27 silly audit   chai: [ '6.2.2' ],
27 silly audit   chalk: [ '5.6.2' ],
27 silly audit   chardet: [ '2.1.1' ],
27 silly audit   chokidar: [ '5.0.0', '4.0.3' ],
27 silly audit   chownr: [ '3.0.0' ],
27 silly audit   'cli-cursor': [ '5.0.0' ],
27 silly audit   'cli-spinners': [ '3.4.0' ],
27 silly audit   'cli-truncate': [ '5.2.0' ],
27 silly audit   'cli-width': [ '4.1.0' ],
27 silly audit   cliui: [ '9.0.1' ],
27 silly audit   'string-width': [ '7.2.0', '8.2.1', '4.2.3' ],
27 silly audit   'wrap-ansi': [ '9.0.2', '6.2.0' ],
27 silly audit   'color-convert': [ '2.0.1' ],
27 silly audit   'color-name': [ '1.1.4' ],
27 silly audit   colorette: [ '2.0.20' ],
27 silly audit   'content-disposition': [ '1.1.0' ],
27 silly audit   'content-type': [ '1.0.5', '2.0.0' ],
27 silly audit   cookie: [ '0.7.2' ],
27 silly audit   'cookie-signature': [ '1.2.2' ],
27 silly audit   cors: [ '2.8.6' ],
27 silly audit   'cross-spawn': [ '7.0.6' ],
27 silly audit   'css-select': [ '6.0.0' ],
27 silly audit   'css-tree': [ '3.2.1' ],
27 silly audit   'css-what': [ '7.0.0' ],
27 silly audit   cssstyle: [ '6.2.0' ],
27 silly audit   'data-urls': [ '7.0.0' ],
27 silly audit   debug: [ '4.4.3' ],
27 silly audit   'decimal.js': [ '10.6.0' ],
27 silly audit   depd: [ '2.0.0' ],
27 silly audit   'detect-libc': [ '2.1.2' ],
27 silly audit   'dom-serializer': [ '2.0.0' ],
27 silly audit   domelementtype: [ '2.3.0' ],
27 silly audit   domhandler: [ '5.0.3' ],
27 silly audit   domutils: [ '3.2.2' ],
27 silly audit   'dunder-proto': [ '1.0.1' ],
27 silly audit   'ee-first': [ '1.1.1' ],
27 silly audit   'electron-to-chromium': [ '1.5.364' ],
27 silly audit   'emoji-regex': [ '10.6.0', '8.0.0' ],
27 silly audit   encodeurl: [ '2.0.0' ],
27 silly audit   entities: [ '4.5.0', '7.0.1', '6.0.1', '8.0.0' ],
27 silly audit   'env-paths': [ '2.2.1' ],
27 silly audit   environment: [ '1.1.0' ],
27 silly audit   'err-code': [ '2.0.3' ],
27 silly audit   'es-define-property': [ '1.0.1' ],
27 silly audit   'es-errors': [ '1.3.0' ],
27 silly audit   'es-module-lexer': [ '2.1.0' ],
27 silly audit   'es-object-atoms': [ '1.1.2' ],
27 silly audit   esbuild: [ '0.27.3' ],
27 silly audit   escalade: [ '3.2.0' ],
27 silly audit   'escape-html': [ '1.0.3' ],
27 silly audit   'estree-walker': [ '3.0.3' ],
27 silly audit   etag: [ '1.8.1' ],
27 silly audit   eventemitter3: [ '5.0.4' ],
27 silly audit   eventsource: [ '3.0.7' ],
27 silly audit   'eventsource-parser': [ '3.1.0' ],
27 silly audit   'expect-type': [ '1.3.0' ],
27 silly audit   'exponential-backoff': [ '3.1.3' ],
27 silly audit   express: [ '5.2.1' ],
27 silly audit   'express-rate-limit': [ '8.5.2' ],
27 silly audit   'fast-deep-equal': [ '3.1.3' ],
27 silly audit   'fast-uri': [ '3.1.2' ],
27 silly audit   fdir: [ '6.5.0' ],
27 silly audit   finalhandler: [ '2.1.1' ],
27 silly audit   forwarded: [ '0.2.0' ],
27 silly audit   fresh: [ '2.0.0' ],
27 silly audit   'fs-minipass': [ '3.0.3' ],
27 silly audit   fsevents: [ '2.3.3' ],
27 silly audit   'function-bind': [ '1.1.2' ],
27 silly audit   gensync: [ '1.0.0-beta.2' ],
27 silly audit   'get-caller-file': [ '2.0.5' ],
27 silly audit   'get-east-asian-width': [ '1.6.0' ],
27 silly audit   'get-intrinsic': [ '1.3.0' ],
27 silly audit   'get-proto': [ '1.0.1' ],
27 silly audit   glob: [ '13.0.6' ],
27 silly audit   'glob-to-regexp': [ '0.4.1' ],
27 silly audit   gopd: [ '1.2.0' ],
27 silly audit   'graceful-fs': [ '4.2.11' ],
27 silly audit   'has-symbols': [ '1.1.0' ],
27 silly audit   hasown: [ '2.0.4' ],
27 silly audit   hono: [ '4.12.23' ],
27 silly audit   'hosted-git-info': [ '9.0.3' ],
27 silly audit   'html-encoding-sniffer': [ '6.0.0' ],
27 silly audit   htmlparser2: [ '10.1.0' ],
27 silly audit   'http-cache-semantics': [ '4.2.0' ],
27 silly audit   'http-errors': [ '2.0.1' ],
27 silly audit   'http-proxy-agent': [ '7.0.2' ],
27 silly audit   'https-proxy-agent': [ '7.0.6' ],
27 silly audit   'iconv-lite': [ '0.7.2' ],
27 silly audit   'ignore-walk': [ '8.0.0' ],
27 silly audit   immutable: [ '5.1.6' ],
27 silly audit   inherits: [ '2.0.4' ],
27 silly audit   ini: [ '6.0.0' ],
27 silly audit   'ip-address': [ '10.2.0' ],
27 silly audit   'ipaddr.js': [ '1.9.1' ],
27 silly audit   'is-extglob': [ '2.1.1' ],
27 silly audit   'is-fullwidth-code-point': [ '5.1.0', '3.0.0' ],
27 silly audit   'is-glob': [ '4.0.3' ],
27 silly audit   'is-interactive': [ '2.0.0' ],
27 silly audit   'is-potential-custom-element-name': [ '1.0.1' ],
27 silly audit   'is-promise': [ '4.0.0' ],
27 silly audit   'is-unicode-supported': [ '2.1.0' ],
27 silly audit   'istanbul-lib-coverage': [ '3.2.2' ],
27 silly audit   'istanbul-lib-instrument': [ '6.0.3' ],
27 silly audit   jose: [ '6.2.3' ],
27 silly audit   'js-tokens': [ '4.0.0' ],
27 silly audit   jsdom: [ '28.1.0' ],
27 silly audit   jsesc: [ '3.1.0' ],
27 silly audit   'json-parse-even-better-errors': [ '5.0.0' ],
27 silly audit   'json-schema-traverse': [ '1.0.0' ],
27 silly audit   'json-schema-typed': [ '8.0.2' ],
27 silly audit   json5: [ '2.2.3' ],
27 silly audit   'jsonc-parser': [ '3.3.1' ],
27 silly audit   jsonparse: [ '1.3.1' ],
27 silly audit   listr2: [ '9.0.5' ],
27 silly audit   lmdb: [ '3.5.1' ],
27 silly audit   'log-symbols': [ '7.0.1' ],
27 silly audit   'log-update': [ '6.1.0' ],
27 silly audit   'slice-ansi': [ '7.1.2', '8.0.0' ],
27 silly audit   'magic-string': [ '0.30.21' ],
27 silly audit   'make-fetch-happen': [ '15.0.6' ],
27 silly audit   'math-intrinsics': [ '1.1.0' ],
27 silly audit   'mdn-data': [ '2.27.1' ],
27 silly audit   'media-typer': [ '1.1.0' ],
27 silly audit   'merge-descriptors': [ '2.0.0' ],
27 silly audit   'mime-db': [ '1.54.0' ],
27 silly audit   'mime-types': [ '3.0.2' ],
27 silly audit   'mimic-function': [ '5.0.1' ],
27 silly audit   minimatch: [ '10.2.5' ],
27 silly audit   minipass: [ '7.1.3', '3.3.6' ],
27 silly audit   'minipass-collect': [ '2.0.1' ],
27 silly audit   'minipass-fetch': [ '5.0.2' ],
27 silly audit   'minipass-flush': [ '1.0.7' ],
27 silly audit   yallist: [ '4.0.0', '5.0.0', '3.1.1' ],
27 silly audit   'minipass-pipeline': [ '1.2.4' ],
27 silly audit   'minipass-sized': [ '2.0.0' ],
27 silly audit   minizlib: [ '3.1.0' ],
27 silly audit   mrmime: [ '2.0.1' ],
27 silly audit   ms: [ '2.1.3' ],
27 silly audit   msgpackr: [ '1.11.12' ],
27 silly audit   'msgpackr-extract': [ '3.0.4' ],
27 silly audit   'mute-stream': [ '2.0.0' ],
27 silly audit   nanoid: [ '3.3.12' ],
27 silly audit   negotiator: [ '1.0.0' ],
27 silly audit   'node-gyp': [ '12.3.0' ],
27 silly audit   'node-gyp-build-optional-packages': [ '5.2.2' ],
27 silly audit   undici: [ '6.26.0', '7.24.4' ],
27 silly audit   'node-releases': [ '2.0.46' ],
27 silly audit   nopt: [ '9.0.0' ],
27 silly audit   'npm-bundled': [ '5.0.0' ],
27 silly audit   'npm-install-checks': [ '8.0.0' ],
27 silly audit   'npm-normalize-package-bin': [ '5.0.0' ],
27 silly audit   'npm-package-arg': [ '13.0.2' ],
27 silly audit   'npm-packlist': [ '10.0.4' ],
27 silly audit   'npm-pick-manifest': [ '11.0.3' ],
27 silly audit   'npm-registry-fetch': [ '19.1.1' ],
27 silly audit   'nth-check': [ '2.1.1' ],
27 silly audit   'object-assign': [ '4.1.1' ],
27 silly audit   'object-inspect': [ '1.13.4' ],
27 silly audit   obug: [ '2.1.1' ],
27 silly audit   'on-finished': [ '2.4.1' ],
27 silly audit   once: [ '1.4.0' ],
27 silly audit   onetime: [ '7.0.0' ],
27 silly audit   ora: [ '9.3.0' ],
27 silly audit   'ordered-binary': [ '1.6.1' ],
27 silly audit   'p-map': [ '7.0.4' ],
27 silly audit   pacote: [ '21.3.1' ],
27 silly audit   parse5: [ '8.0.1' ],
27 silly audit   'parse5-html-rewriting-stream': [ '8.0.0' ],
27 silly audit   'parse5-sax-parser': [ '8.0.0' ],
27 silly audit   parseurl: [ '1.3.3' ],
27 silly audit   'path-key': [ '3.1.1' ],
27 silly audit   'path-scurry': [ '2.0.2' ],
27 silly audit   'path-to-regexp': [ '8.4.2' ],
27 silly audit   pathe: [ '2.0.3' ],
27 silly audit   picocolors: [ '1.1.1' ],
27 silly audit   picomatch: [ '4.0.4' ],
27 silly audit   piscina: [ '5.1.4' ],
27 silly audit   'pkce-challenge': [ '5.0.1' ],
27 silly audit   postcss: [ '8.5.15' ],
27 silly audit   'postcss-media-query-parser': [ '0.2.3' ],
27 silly audit   'postcss-safe-parser': [ '7.0.1' ],
27 silly audit   prettier: [ '3.8.3' ],
27 silly audit   'proc-log': [ '6.1.0' ],
27 silly audit   'promise-retry': [ '2.0.1' ],
27 silly audit   'proxy-addr': [ '2.0.7' ],
27 silly audit   punycode: [ '2.3.1' ],
27 silly audit   qs: [ '6.15.2' ],
27 silly audit   'range-parser': [ '1.2.1' ],
27 silly audit   'raw-body': [ '3.0.2' ],
27 silly audit   readdirp: [ '5.0.0', '4.1.2' ],
27 silly audit   'reflect-metadata': [ '0.2.2' ],
27 silly audit   'require-from-string': [ '2.0.2' ],
27 silly audit   'restore-cursor': [ '5.1.0' ],
27 silly audit   retry: [ '0.12.0' ],
27 silly audit   rfdc: [ '1.4.1' ],
27 silly audit   rolldown: [ '1.0.0-rc.4' ],
27 silly audit   rollup: [ '4.60.4' ],
27 silly audit   router: [ '2.2.0' ],
27 silly audit   rxjs: [ '7.8.2' ],
27 silly audit   'safer-buffer': [ '2.1.2' ],
27 silly audit   sass: [ '1.97.3' ],
27 silly audit   saxes: [ '6.0.0' ],
27 silly audit   send: [ '1.2.1' ],
27 silly audit   'serve-static': [ '2.2.1' ],
27 silly audit   setprototypeof: [ '1.2.0' ],
27 silly audit   'shebang-command': [ '2.0.0' ],
27 silly audit   'shebang-regex': [ '3.0.0' ],
27 silly audit   'side-channel': [ '1.1.0' ],
27 silly audit   'side-channel-list': [ '1.0.1' ],
27 silly audit   'side-channel-map': [ '1.0.1' ],
27 silly audit   'side-channel-weakmap': [ '1.0.2' ],
27 silly audit   siginfo: [ '2.0.0' ],
27 silly audit   'signal-exit': [ '4.1.0' ],
27 silly audit   sigstore: [ '4.1.1' ],
27 silly audit   'smart-buffer': [ '4.2.0' ],
27 silly audit   socks: [ '2.8.9' ],
27 silly audit   'socks-proxy-agent': [ '8.0.5' ],
27 silly audit   'source-map': [ '0.7.6', '0.6.1' ],
27 silly audit   'source-map-js': [ '1.2.1' ],
27 silly audit   'source-map-support': [ '0.5.21' ],
27 silly audit   'spdx-exceptions': [ '2.5.0' ],
27 silly audit   'spdx-expression-parse': [ '4.0.0' ],
27 silly audit   'spdx-license-ids': [ '3.0.23' ],
27 silly audit   ssri: [ '13.0.1' ],
27 silly audit   stackback: [ '0.0.2' ],
27 silly audit   statuses: [ '2.0.2' ],
27 silly audit   'std-env': [ '4.1.0' ],
27 silly audit   'stdin-discarder': [ '0.3.2' ],
27 silly audit   'strip-ansi': [ '7.2.0', '6.0.1' ],
27 silly audit   'symbol-tree': [ '3.2.4' ],
27 silly audit   tar: [ '7.5.15' ],
27 silly audit   tinybench: [ '2.9.0' ],
27 silly audit   tinyexec: [ '1.2.3' ],
27 silly audit   tinyglobby: [ '0.2.15' ],
27 silly audit   tinyrainbow: [ '3.1.0' ],
27 silly audit   tldts: [ '7.4.2' ],
27 silly audit   'tldts-core': [ '7.4.2' ],
27 silly audit   toidentifier: [ '1.0.1' ],
27 silly audit   'tough-cookie': [ '6.0.1' ],
27 silly audit   tr46: [ '6.0.0' ],
27 silly audit   tslib: [ '2.8.1' ],
27 silly audit   'tuf-js': [ '4.1.0' ],
27 silly audit   'type-is': [ '2.1.0' ],
27 silly audit   typescript: [ '5.9.3' ],
27 silly audit   unpipe: [ '1.0.0' ],
27 silly audit   'update-browserslist-db': [ '1.2.3' ],
27 silly audit   'validate-npm-package-name': [ '7.0.2' ],
27 silly audit   vary: [ '1.1.2' ],
27 silly audit   vite: [ '7.3.2' ],
27 silly audit   vitest: [ '4.1.7' ],
27 silly audit   'w3c-xmlserializer': [ '5.0.0' ],
27 silly audit   watchpack: [ '2.5.1' ],
27 silly audit   'weak-lru-cache': [ '1.2.2' ],
27 silly audit   'webidl-conversions': [ '8.0.1' ],
27 silly audit   'whatwg-mimetype': [ '5.0.0' ],
27 silly audit   'whatwg-url': [ '16.0.1' ],
27 silly audit   'why-is-node-running': [ '2.3.0' ],
27 silly audit   wrappy: [ '1.0.2' ],
27 silly audit   'xml-name-validator': [ '5.0.0' ],
27 silly audit   xmlchars: [ '2.2.0' ],
27 silly audit   y18n: [ '5.0.8' ],
27 silly audit   yargs: [ '18.0.0' ],
27 silly audit   'yargs-parser': [ '22.0.0' ],
27 silly audit   yoctocolors: [ '2.1.2' ],
27 silly audit   'yoctocolors-cjs': [ '2.1.3' ],
27 silly audit   zod: [ '4.3.6' ],
27 silly audit   'zod-to-json-schema': [ '3.25.2' ],
27 silly audit   'chart.js': [ '4.5.1' ],
27 silly audit   '@kurkle/color': [ '0.3.4' ]
27 silly audit }
28 http cache @kurkle/color@https://registry.npmjs.org/@kurkle/color/-/color-0.3.4.tgz 0ms (cache hit)
29 http cache chart.js@https://registry.npmjs.org/chart.js/-/chart.js-4.5.1.tgz 0ms (cache hit)
30 silly tarball no local data for @kurkle/color@https://registry.npmjs.org/@kurkle/color/-/color-0.3.4.tgz. Extracting by manifest.
31 silly tarball no local data for chart.js@https://registry.npmjs.org/chart.js/-/chart.js-4.5.1.tgz. Extracting by manifest.
32 http cache @emnapi/wasi-threads@https://registry.npmjs.org/@emnapi/wasi-threads/-/wasi-threads-1.2.1.tgz 0ms (cache hit)
33 silly tarball no local data for @emnapi/wasi-threads@https://registry.npmjs.org/@emnapi/wasi-threads/-/wasi-threads-1.2.1.tgz. Extracting by manifest.
34 http fetch POST 200 https://registry.npmjs.org/-/npm/v1/security/advisories/bulk 215ms
35 silly audit report {
35 silly audit report   '@angular/common': [
35 silly audit report     {
35 silly audit report       id: 1123499,
35 silly audit report       url: 'https://github.com/advisories/GHSA-48r7-hpm6-gfxm',
35 silly audit report       title: '@angular/common: Denial of Service (DoS) via OOM in Date Formatting (formatDate)',
35 silly audit report       severity: 'high',
35 silly audit report       vulnerable_versions: '>=21.0.0-next.0 <21.2.17',
35 silly audit report       cwe: [Array],
35 silly audit report       cvss: [Object]
35 silly audit report     },
35 silly audit report     {
35 silly audit report       id: 1123503,
35 silly audit report       url: 'https://github.com/advisories/GHSA-39pv-4j6c-2g6v',
35 silly audit report       title: '@angular/common: Weak 32-Bit Cache Key Hashing in `HttpTransferCache` Leading to Cross-Request Data Leakage and State Poisoning',
35 silly audit report       severity: 'high',
35 silly audit report       vulnerable_versions: '>=21.0.0-next.0 <21.2.17',
35 silly audit report       cwe: [Array],
35 silly audit report       cvss: [Object]
35 silly audit report     }
35 silly audit report   ],
35 silly audit report   '@angular/compiler': [
35 silly audit report     {
35 silly audit report       id: 1123507,
35 silly audit report       url: 'https://github.com/advisories/GHSA-58w9-8g37-x9v5',
35 silly audit report       title: '@angular/compiler: Two-Way Property Binding Sanitization Bypass (XSS)',
35 silly audit report       severity: 'moderate',
35 silly audit report       vulnerable_versions: '>=21.0.0-next.0 <21.2.17',
35 silly audit report       cwe: [Array],
35 silly audit report       cvss: [Object]
35 silly audit report     }
35 silly audit report   ],
35 silly audit report   '@angular/core': [
35 silly audit report     {
35 silly audit report       id: 1123562,
35 silly audit report       url: 'https://github.com/advisories/GHSA-rgjc-h3x7-9mwg',
35 silly audit report       title: 'Angular Client Hydration DOM Clobbering & Response-Cache Poisoning',
35 silly audit report       severity: 'high',
35 silly audit report       vulnerable_versions: '>=21.0.0-next.0 <21.2.17',
35 silly audit report       cwe: [Array],
35 silly audit report       cvss: [Object]
35 silly audit report     }
35 silly audit report   ],
35 silly audit report   '@babel/core': [
35 silly audit report     {
35 silly audit report       id: 1123528,
35 silly audit report       url: 'https://github.com/advisories/GHSA-4x5r-pxfx-6jf8',
35 silly audit report       title: '@babel/core: Arbitrary File Read via sourceMappingURL Comment',
35 silly audit report       severity: 'low',
35 silly audit report       vulnerable_versions: '<=7.29.0',
35 silly audit report       cwe: [Array],
35 silly audit report       cvss: [Object]
35 silly audit report     }
35 silly audit report   ],
35 silly audit report   esbuild: [
35 silly audit report     {
35 silly audit report       id: 1120680,
35 silly audit report       url: 'https://github.com/advisories/GHSA-g7r4-m6w7-qqqr',
35 silly audit report       title: 'esbuild allows arbitrary file read when running the development server on Windows',
35 silly audit report       severity: 'low',
35 silly audit report       vulnerable_versions: '>=0.27.3 <0.28.1',
35 silly audit report       cwe: [Array],
35 silly audit report       cvss: [Object]
35 silly audit report     }
35 silly audit report   ],
35 silly audit report   hono: [
35 silly audit report     {
35 silly audit report       id: 1120910,
35 silly audit report       url: 'https://github.com/advisories/GHSA-wwfh-h76j-fc44',
35 silly audit report       title: 'hono: Path traversal in `serve-static` on Windows via encoded backslash (`%5C`)',
35 silly audit report       severity: 'moderate',
35 silly audit report       vulnerable_versions: '<4.12.25',
35 silly audit report       cwe: [Array],
35 silly audit report       cvss: [Object]
35 silly audit report     },
35 silly audit report     {
35 silly audit report       id: 1120911,
35 silly audit report       url: 'https://github.com/advisories/GHSA-j6c9-x7qj-28xf',
35 silly audit report       title: 'hono: AWS Lambda adapter merges multiple `Set-Cookie` headers into one value, dropping cookies on ALB single-header and Lattice',
35 silly audit report       severity: 'moderate',
35 silly audit report       vulnerable_versions: '<4.12.25',
35 silly audit report       cwe: [Array],
35 silly audit report       cvss: [Object]
35 silly audit report     },
35 silly audit report     {
35 silly audit report       id: 1120913,
35 silly audit report       url: 'https://github.com/advisories/GHSA-88fw-hqm2-52qc',
35 silly audit report       title: 'hono: CORS Middleware reflects any Origin with credentials when `origin` defaults to the wildcard',
35 silly audit report       severity: 'high',
35 silly audit report       vulnerable_versions: '<4.12.25',
35 silly audit report       cwe: [Array],
35 silly audit report       cvss: [Object]
35 silly audit report     },
35 silly audit report     {
35 silly audit report       id: 1120921,
35 silly audit report       url: 'https://github.com/advisories/GHSA-rv63-4mwf-qqc2',
35 silly audit report       title: 'hono: Body Limit Middleware can be bypassed on AWS Lambda by understating `Content-Length`',
35 silly audit report       severity: 'moderate',
35 silly audit report       vulnerable_versions: '<4.12.25',
35 silly audit report       cwe: [Array],
35 silly audit report       cvss: [Object]
35 silly audit report     },
35 silly audit report     {
35 silly audit report       id: 1120922,
35 silly audit report       url: 'https://github.com/advisories/GHSA-wgpf-jwqj-8h8p',
35 silly audit report       title: 'hono: Lambda@Edge adapter keeps only the last value of a repeated request header, dropping the rest',
35 silly audit report       severity: 'moderate',
35 silly audit report       vulnerable_versions: '<4.12.25',
35 silly audit report       cwe: [Array],
35 silly audit report       cvss: [Object]
35 silly audit report     }
35 silly audit report   ],
35 silly audit report   undici: [
35 silly audit report     {
35 silly audit report       id: 1121187,
35 silly audit report       url: 'https://github.com/advisories/GHSA-vmh5-mc38-953g',
35 silly audit report       title: 'undici vulnerable to TLS certificate validation bypass via dropped requestTls in SOCKS5 ProxyAgent',
35 silly audit report       severity: 'high',
35 silly audit report       vulnerable_versions: '>=7.23.0 <7.28.0',
35 silly audit report       cwe: [Array],
35 silly audit report       cvss: [Object]
35 silly audit report     },
35 silly audit report     {
35 silly audit report       id: 1121241,
35 silly audit report       url: 'https://github.com/advisories/GHSA-p88m-4jfj-68fv',
35 silly audit report       title: 'undici vulnerable to HTTP header injection via Set-Cookie percent-decoding',
35 silly audit report       severity: 'moderate',
35 silly audit report       vulnerable_versions: '>=7.0.0 <7.28.0',
35 silly audit report       cwe: [Array],
35 silly audit report       cvss: [Object]
35 silly audit report     },
35 silly audit report     {
35 silly audit report       id: 1121242,
35 silly audit report       url: 'https://github.com/advisories/GHSA-p88m-4jfj-68fv',
35 silly audit report       title: 'undici vulnerable to HTTP header injection via Set-Cookie percent-decoding',
35 silly audit report       severity: 'moderate',
35 silly audit report       vulnerable_versions: '<6.27.0',
35 silly audit report       cwe: [Array],
35 silly audit report       cvss: [Object]
35 silly audit report     },
35 silly audit report     {
35 silly audit report       id: 1121244,
35 silly audit report       url: 'https://github.com/advisories/GHSA-vxpw-j846-p89q',
35 silly audit report       title: 'undici WebSocket client vulnerable to denial of service via fragment count bypass',
35 silly audit report       severity: 'high',
35 silly audit report       vulnerable_versions: '>=7.0.0 <7.28.0',
35 silly audit report       cwe: [Array],
35 silly audit report       cvss: [Object]
35 silly audit report     },
35 silly audit report     {
35 silly audit report       id: 1121245,
35 silly audit report       url: 'https://github.com/advisories/GHSA-vxpw-j846-p89q',
35 silly audit report       title: 'undici WebSocket client vulnerable to denial of service via fragment count bypass',
35 silly audit report       severity: 'high',
35 silly audit report       vulnerable_versions: '<6.27.0',
35 silly audit report       cwe: [Array],
35 silly audit report       cvss: [Object]
35 silly audit report     },
35 silly audit report     {
35 silly audit report       id: 1121247,
35 silly audit report       url: 'https://github.com/advisories/GHSA-hm92-r4w5-c3mj',
35 silly audit report       title: 'undici vulnerable to cross-origin request routing via SOCKS5 proxy pool reuse',
35 silly audit report       severity: 'high',
35 silly audit report       vulnerable_versions: '>=7.23.0 <7.28.0',
35 silly audit report       cwe: [Array],
35 silly audit report       cvss: [Object]
35 silly audit report     },
35 silly audit report     {
35 silly audit report       id: 1121249,
35 silly audit report       url: 'https://github.com/advisories/GHSA-35p6-xmwp-9g52',
35 silly audit report       title: 'undici vulnerable to HTTP response queue poisoning via keep-alive socket reuse',
35 silly audit report       severity: 'low',
35 silly audit report       vulnerable_versions: '>=7.0.0 <7.28.0',
35 silly audit report       cwe: [Array],
35 silly audit report       cvss: [Object]
35 silly audit report     },
35 silly audit report     {
35 silly audit report       id: 1121250,
35 silly audit report       url: 'https://github.com/advisories/GHSA-35p6-xmwp-9g52',
35 silly audit report       title: 'undici vulnerable to HTTP response queue poisoning via keep-alive socket reuse',
35 silly audit report       severity: 'low',
35 silly audit report       vulnerable_versions: '<6.27.0',
35 silly audit report       cwe: [Array],
35 silly audit report       cvss: [Object]
35 silly audit report     },
35 silly audit report     {
35 silly audit report       id: 1121254,
35 silly audit report       url: 'https://github.com/advisories/GHSA-g8m3-5g58-fq7m',
35 silly audit report       title: 'undici vulnerable to Set-Cookie SameSite attribute downgrade via permissive substring matching',
35 silly audit report       severity: 'low',
35 silly audit report       vulnerable_versions: '>=7.0.0 <7.28.0',
35 silly audit report       cwe: [Array],
35 silly audit report       cvss: [Object]
35 silly audit report     },
35 silly audit report     {
35 silly audit report       id: 1121255,
35 silly audit report       url: 'https://github.com/advisories/GHSA-g8m3-5g58-fq7m',
35 silly audit report       title: 'undici vulnerable to Set-Cookie SameSite attribute downgrade via permissive substring matching',
35 silly audit report       severity: 'low',
35 silly audit report       vulnerable_versions: '<6.27.0',
35 silly audit report       cwe: [Array],
35 silly audit report       cvss: [Object]
35 silly audit report     },
35 silly audit report     {
35 silly audit report       id: 1121428,
35 silly audit report       url: 'https://github.com/advisories/GHSA-pr7r-676h-xcf6',
35 silly audit report       title: 'undici vulnerable to cross-user information disclosure via shared cache whitespace bypass',
35 silly audit report       severity: 'moderate',
35 silly audit report       vulnerable_versions: '>=7.0.0 <7.28.0',
35 silly audit report       cwe: [Array],
35 silly audit report       cvss: [Object]
35 silly audit report     }
35 silly audit report   ],
35 silly audit report   piscina: [
35 silly audit report     {
35 silly audit report       id: 1121168,
35 silly audit report       url: 'https://github.com/advisories/GHSA-x9g3-xrwr-cwfg',
35 silly audit report       title: 'piscina: Prototype Pollution Gadget → RCE via inherited options.filename',
35 silly audit report       severity: 'high',
35 silly audit report       vulnerable_versions: '>=5.0.0-alpha.0 <=5.1.4',
35 silly audit report       cwe: [Array],
35 silly audit report       cvss: [Object]
35 silly audit report     }
35 silly audit report   ],
35 silly audit report   tar: [
35 silly audit report     {
35 silly audit report       id: 1120782,
35 silly audit report       url: 'https://github.com/advisories/GHSA-vmf3-w455-68vh',
35 silly audit report       title: 'node-tar applies PAX size override to intermediary GNU long-name/long-link headers, causing tar parser interpretation differential (file smuggling)',
35 silly audit report       severity: 'moderate',
35 silly audit report       vulnerable_versions: '<=7.5.15',
35 silly audit report       cwe: [Array],
35 silly audit report       cvss: [Object]
35 silly audit report     }
35 silly audit report   ],
35 silly audit report   vite: [
35 silly audit report     {
35 silly audit report       id: 1120785,
35 silly audit report       url: 'https://github.com/advisories/GHSA-v6wh-96g9-6wx3',
35 silly audit report       title: 'launch-editor: NTLMv2 hash disclosure via UNC path handling on Windows',
35 silly audit report       severity: 'moderate',
35 silly audit report       vulnerable_versions: '>=7.0.0 <=7.3.4',
35 silly audit report       cwe: [Array],
35 silly audit report       cvss: [Object]
35 silly audit report     },
35 silly audit report     {
35 silly audit report       id: 1123526,
35 silly audit report       url: 'https://github.com/advisories/GHSA-fx2h-pf6j-xcff',
35 silly audit report       title: 'vite: `server.fs.deny` bypass on Windows alternate paths',
35 silly audit report       severity: 'high',
35 silly audit report       vulnerable_versions: '>=7.0.0 <=7.3.4',
35 silly audit report       cwe: [Array],
35 silly audit report       cvss: [Object]
35 silly audit report     }
35 silly audit report   ]
35 silly audit report }
36 silly packumentCache corgi:https://registry.npmjs.org/@angular%2fcommon cache-miss
37 silly packumentCache corgi:https://registry.npmjs.org/@angular%2fcompiler cache-miss
38 silly packumentCache corgi:https://registry.npmjs.org/@angular%2fcore cache-miss
39 silly packumentCache corgi:https://registry.npmjs.org/@babel%2fcore cache-miss
40 silly packumentCache corgi:https://registry.npmjs.org/esbuild cache-miss
41 silly packumentCache corgi:https://registry.npmjs.org/hono cache-miss
42 silly packumentCache corgi:https://registry.npmjs.org/undici cache-miss
43 silly packumentCache corgi:https://registry.npmjs.org/piscina cache-miss
44 silly packumentCache corgi:https://registry.npmjs.org/tar cache-miss
45 silly packumentCache corgi:https://registry.npmjs.org/vite cache-miss
46 http fetch GET 200 https://registry.npmjs.org/@kurkle/color/-/color-0.3.4.tgz 308ms (cache miss)
47 http fetch GET 200 https://registry.npmjs.org/@emnapi/wasi-threads/-/wasi-threads-1.2.1.tgz 587ms (cache miss)
48 http fetch GET 200 https://registry.npmjs.org/@angular%2fcompiler 419ms (cache miss)
49 silly packumentCache corgi:https://registry.npmjs.org/@angular%2fcompiler set size:undefined disposed:false
50 http fetch GET 200 https://registry.npmjs.org/piscina 572ms (cache miss)
51 silly packumentCache corgi:https://registry.npmjs.org/piscina set size:undefined disposed:false
52 http fetch GET 200 https://registry.npmjs.org/@angular%2fcommon 624ms (cache miss)
53 silly packumentCache corgi:https://registry.npmjs.org/@angular%2fcommon set size:undefined disposed:false
54 http fetch GET 200 https://registry.npmjs.org/tar 813ms (cache miss)
55 silly packumentCache corgi:https://registry.npmjs.org/tar set size:undefined disposed:false
56 http fetch GET 200 https://registry.npmjs.org/undici 1152ms (cache miss)
57 silly packumentCache corgi:https://registry.npmjs.org/undici set size:undefined disposed:false
58 http fetch GET 200 https://registry.npmjs.org/@babel%2fcore 1369ms (cache miss)
59 silly packumentCache corgi:https://registry.npmjs.org/@babel%2fcore set size:undefined disposed:false
60 http fetch GET 200 https://registry.npmjs.org/hono 1514ms (cache miss)
61 silly packumentCache corgi:https://registry.npmjs.org/hono set size:undefined disposed:false
62 http fetch GET 200 https://registry.npmjs.org/esbuild 1695ms (cache miss)
63 silly packumentCache corgi:https://registry.npmjs.org/esbuild set size:undefined disposed:false
64 http fetch GET 200 https://registry.npmjs.org/vite 1910ms (cache miss)
65 silly packumentCache corgi:https://registry.npmjs.org/vite set size:undefined disposed:false
66 http fetch GET 200 https://registry.npmjs.org/@angular%2fcore 2002ms (cache miss)
67 silly packumentCache corgi:https://registry.npmjs.org/@angular%2fcore set size:undefined disposed:false
68 silly packumentCache corgi:https://registry.npmjs.org/@angular%2fforms cache-miss
69 silly packumentCache corgi:https://registry.npmjs.org/@angular%2fplatform-browser cache-miss
70 silly packumentCache corgi:https://registry.npmjs.org/@angular%2frouter cache-miss
71 http fetch GET 200 https://registry.npmjs.org/@angular%2fplatform-browser 265ms (cache miss)
72 silly packumentCache corgi:https://registry.npmjs.org/@angular%2fplatform-browser set size:undefined disposed:false
73 http fetch GET 200 https://registry.npmjs.org/chart.js/-/chart.js-4.5.1.tgz 6351ms (cache miss)
74 http fetch GET 200 https://registry.npmjs.org/@angular%2frouter 4485ms (cache miss)
75 silly packumentCache corgi:https://registry.npmjs.org/@angular%2frouter set size:undefined disposed:false
76 http fetch GET 200 https://registry.npmjs.org/@angular%2fforms 4555ms (cache miss)
77 silly packumentCache corgi:https://registry.npmjs.org/@angular%2fforms set size:undefined disposed:false
78 silly packumentCache corgi:https://registry.npmjs.org/@angular%2fbuild cache-miss
79 silly packumentCache corgi:https://registry.npmjs.org/@angular%2fcompiler-cli cache-miss
80 http fetch GET 200 https://registry.npmjs.org/@angular%2fbuild 904ms (cache miss)
81 silly packumentCache corgi:https://registry.npmjs.org/@angular%2fbuild set size:undefined disposed:false
82 http fetch GET 200 https://registry.npmjs.org/@angular%2fcompiler-cli 1031ms (cache miss)
83 silly packumentCache corgi:https://registry.npmjs.org/@angular%2fcompiler-cli set size:undefined disposed:false
84 silly packumentCache corgi:https://registry.npmjs.org/@babel%2fhelper-module-transforms cache-miss
85 silly packumentCache corgi:https://registry.npmjs.org/istanbul-lib-instrument cache-miss
86 http fetch GET 200 https://registry.npmjs.org/@babel%2fhelper-module-transforms 257ms (cache miss)
87 silly packumentCache corgi:https://registry.npmjs.org/@babel%2fhelper-module-transforms set size:undefined disposed:false
88 http fetch GET 200 https://registry.npmjs.org/istanbul-lib-instrument 271ms (cache miss)
89 silly packumentCache corgi:https://registry.npmjs.org/istanbul-lib-instrument set size:undefined disposed:false
90 silly packumentCache corgi:https://registry.npmjs.org/@hono%2fnode-server cache-miss
91 silly packumentCache corgi:https://registry.npmjs.org/@modelcontextprotocol%2fsdk cache-miss
92 http fetch GET 200 https://registry.npmjs.org/@hono%2fnode-server 156ms (cache miss)
93 silly packumentCache corgi:https://registry.npmjs.org/@hono%2fnode-server set size:undefined disposed:false
94 http fetch GET 200 https://registry.npmjs.org/@modelcontextprotocol%2fsdk 214ms (cache miss)
95 silly packumentCache corgi:https://registry.npmjs.org/@modelcontextprotocol%2fsdk set size:undefined disposed:false
96 silly packumentCache corgi:https://registry.npmjs.org/jsdom cache-miss
97 http fetch GET 200 https://registry.npmjs.org/jsdom 192ms (cache miss)
98 silly packumentCache corgi:https://registry.npmjs.org/jsdom set size:undefined disposed:false
99 silly packumentCache corgi:https://registry.npmjs.org/node-gyp cache-miss
100 http fetch GET 200 https://registry.npmjs.org/node-gyp 166ms (cache miss)
101 silly packumentCache corgi:https://registry.npmjs.org/node-gyp set size:undefined disposed:false
102 silly packumentCache corgi:https://registry.npmjs.org/pacote cache-miss
103 http fetch GET 200 https://registry.npmjs.org/pacote 286ms (cache miss)
104 silly packumentCache corgi:https://registry.npmjs.org/pacote set size:undefined disposed:false
105 silly packumentCache corgi:https://registry.npmjs.org/@vitejs%2fplugin-basic-ssl cache-miss
106 silly packumentCache corgi:https://registry.npmjs.org/@vitest%2fmocker cache-miss
107 silly packumentCache corgi:https://registry.npmjs.org/vitest cache-miss
108 http fetch GET 200 https://registry.npmjs.org/@vitest%2fmocker 196ms (cache miss)
109 silly packumentCache corgi:https://registry.npmjs.org/@vitest%2fmocker set size:undefined disposed:false
110 http fetch GET 200 https://registry.npmjs.org/@vitejs%2fplugin-basic-ssl 267ms (cache miss)
111 silly packumentCache corgi:https://registry.npmjs.org/@vitejs%2fplugin-basic-ssl set size:undefined disposed:false
112 http fetch GET 200 https://registry.npmjs.org/vitest 625ms (cache miss)
113 silly packumentCache corgi:https://registry.npmjs.org/vitest set size:undefined disposed:false
114 silly ADD node_modules/@kurkle/color
115 silly ADD node_modules/chart.js
116 silly ADD node_modules/@emnapi/wasi-threads
117 verbose cwd C:\Users\DREP\Downloads\Infinity Force 3-06\frontend
118 verbose os Windows_NT 10.0.26200
119 verbose node v24.12.0
120 verbose npm  v11.6.2
121 notice
121 notice New minor version of npm available! 11.6.2 -> 11.18.0
121 notice Changelog: https://github.com/npm/cli/releases/tag/v11.18.0
121 notice To update run: npm install -g npm@11.18.0
121 notice  { force: true, Symbol(proc-log.meta): true }
122 verbose exit 0
123 info ok
